2024-09-21 00:00:17,492 INFO o.s.b.StartupInfoLogger [main] Starting SpringBootDemoApplication using Java 1.8.0_411 on EPUADNIW021A with PID 4048 (C:\Users\Serhii_Burch\c\code\demo\demo-spring-etag-example\build\classes\java\main started by Serhii_Burch in C:\Users\Serhii_Burch\c\code\demo\demo-spring-etag-example)
2024-09-21 00:00:17,499 INFO o.s.b.SpringApplication [main] No active profile set, falling back to 1 default profile: "default"
2024-09-21 00:00:20,164 INFO o.s.b.w.e.t.TomcatWebServer [main] Tomcat initialized with port(s): 8080 (http)
2024-09-21 00:00:20,176 INFO o.a.j.l.DirectJDKLog [main] Initializing ProtocolHandler ["http-nio-8080"]
2024-09-21 00:00:20,219 INFO o.a.j.l.DirectJDKLog [main] Starting service [Tomcat]
2024-09-21 00:00:20,221 INFO o.a.j.l.DirectJDKLog [main] Starting Servlet engine: [Apache Tomcat/9.0.83]
2024-09-21 00:00:20,515 INFO o.a.j.l.DirectJDKLog [main] Initializing Spring embedded WebApplicationContext
2024-09-21 00:00:20,515 INFO o.s.b.w.s.c.ServletWebServerApplicationContext [main] Root WebApplicationContext: initialization completed in 2930 ms
2024-09-21 00:00:20,638 DEBUG o.s.w.f.GenericFilterBean [main] Filter 'shallowEtagHeaderFilter' configured for use
2024-09-21 00:00:20,990 DEBUG o.s.w.s.m.m.a.RequestMappingHandlerAdapter [main] ControllerAdvice beans: 0 @ModelAttribute, 0 @InitBinder, 1 RequestBodyAdvice, 1 ResponseBodyAdvice
2024-09-21 00:00:21,186 DEBUG o.s.w.s.h.AbstractHandlerMethodMapping [main] 3 mappings in 'requestMappingHandlerMapping'
2024-09-21 00:00:21,218 DEBUG o.s.w.s.h.SimpleUrlHandlerMapping [main] Patterns [/webjars/**, /**] in 'resourceHandlerMapping'
2024-09-21 00:00:21,230 DEBUG o.s.w.s.m.m.a.ExceptionHandlerExceptionResolver [main] ControllerAdvice beans: 0 @ExceptionHandler, 1 ResponseBodyAdvice
2024-09-21 00:00:21,295 INFO o.a.j.l.DirectJDKLog [main] Starting ProtocolHandler ["http-nio-8080"]
2024-09-21 00:00:21,333 INFO o.s.b.w.e.t.TomcatWebServer [main] Tomcat started on port(s): 8080 (http) with context path ''
2024-09-21 00:00:21,353 INFO o.s.b.StartupInfoLogger [main] Started SpringBootDemoApplication in 5.04 seconds (JVM running for 5.716)
2024-09-21 00:00:44,756 INFO o.a.j.l.DirectJDKLog [http-nio-8080-exec-1] Initializing Spring DispatcherServlet 'dispatcherServlet'
2024-09-21 00:00:44,757 INFO o.s.w.s.FrameworkServlet [http-nio-8080-exec-1] Initializing Servlet 'dispatcherServlet'
2024-09-21 00:00:44,759 DEBUG o.s.w.s.DispatcherServlet [http-nio-8080-exec-1] Detected StandardServletMultipartResolver
2024-09-21 00:00:44,759 DEBUG o.s.w.s.DispatcherServlet [http-nio-8080-exec-1] Detected AcceptHeaderLocaleResolver
2024-09-21 00:00:44,760 DEBUG o.s.w.s.DispatcherServlet [http-nio-8080-exec-1] Detected FixedThemeResolver
2024-09-21 00:00:44,762 DEBUG o.s.w.s.DispatcherServlet [http-nio-8080-exec-1] Detected org.springframework.web.servlet.view.DefaultRequestToViewNameTranslator@14315b7a
2024-09-21 00:00:44,763 DEBUG o.s.w.s.DispatcherServlet [http-nio-8080-exec-1] Detected org.springframework.web.servlet.support.SessionFlashMapManager@583b5861
2024-09-21 00:00:44,763 DEBUG o.s.w.s.FrameworkServlet [http-nio-8080-exec-1] enableLoggingRequestDetails='false': request parameters and headers will be masked to prevent unsafe logging of potentially sensitive data
2024-09-21 00:00:44,765 INFO o.s.w.s.FrameworkServlet [http-nio-8080-exec-1] Completed initialization in 7 ms
2024-09-21 00:00:44,800 DEBUG o.s.c.l.LogFormatUtils [http-nio-8080-exec-1] POST "/hello?message=hello", parameters={masked}
2024-09-21 00:00:44,811 DEBUG o.s.w.s.h.AbstractHandlerMapping [http-nio-8080-exec-1] Mapped to org.example.controller.Controller#sendMessage(String)
2024-09-21 00:00:44,940 DEBUG o.s.w.s.m.m.a.AbstractMessageConverterMethodProcessor [http-nio-8080-exec-1] Using 'application/json', given [*/*] and supported [application/json, application/*+json, application/json, application/*+json]
2024-09-21 00:00:44,940 DEBUG o.s.c.l.LogFormatUtils [http-nio-8080-exec-1] Writing [DataDto(id=edf420aa-6ea5-441d-9e52-748b457b4954, message=hello)]
2024-09-21 00:00:44,979 DEBUG o.s.w.s.FrameworkServlet [http-nio-8080-exec-1] Completed 200 OK
2024-09-21 00:10:32,957 INFO o.s.b.StartupInfoLogger [main] Starting SpringBootDemoApplication using Java 1.8.0_411 on EPUADNIW021A with PID 18844 (C:\Users\Serhii_Burch\c\code\demo\demo-spring-etag-example\build\classes\java\main started by Serhii_Burch in C:\Users\Serhii_Burch\c\code\demo\demo-spring-etag-example)
2024-09-21 00:10:32,969 INFO o.s.b.SpringApplication [main] No active profile set, falling back to 1 default profile: "default"
2024-09-21 00:10:35,364 INFO o.s.b.w.e.t.TomcatWebServer [main] Tomcat initialized with port(s): 8080 (http)
2024-09-21 00:10:35,364 INFO o.a.j.l.DirectJDKLog [main] Initializing ProtocolHandler ["http-nio-8080"]
2024-09-21 00:10:35,381 INFO o.a.j.l.DirectJDKLog [main] Starting service [Tomcat]
2024-09-21 00:10:35,381 INFO o.a.j.l.DirectJDKLog [main] Starting Servlet engine: [Apache Tomcat/9.0.83]
2024-09-21 00:10:35,569 INFO o.a.j.l.DirectJDKLog [main] Initializing Spring embedded WebApplicationContext
2024-09-21 00:10:35,569 INFO o.s.b.w.s.c.ServletWebServerApplicationContext [main] Root WebApplicationContext: initialization completed in 2527 ms
2024-09-21 00:10:35,632 DEBUG o.s.w.f.GenericFilterBean [main] Filter 'shallowEtagHeaderFilter' configured for use
2024-09-21 00:10:35,838 DEBUG o.s.w.s.m.m.a.RequestMappingHandlerAdapter [main] ControllerAdvice beans: 0 @ModelAttribute, 0 @InitBinder, 1 RequestBodyAdvice, 1 ResponseBodyAdvice
2024-09-21 00:10:35,942 DEBUG o.s.w.s.h.AbstractHandlerMethodMapping [main] 3 mappings in 'requestMappingHandlerMapping'
2024-09-21 00:10:35,963 DEBUG o.s.w.s.h.SimpleUrlHandlerMapping [main] Patterns [/webjars/**, /**] in 'resourceHandlerMapping'
2024-09-21 00:10:35,969 DEBUG o.s.w.s.m.m.a.ExceptionHandlerExceptionResolver [main] ControllerAdvice beans: 0 @ExceptionHandler, 1 ResponseBodyAdvice
2024-09-21 00:10:36,011 INFO o.a.j.l.DirectJDKLog [main] Starting ProtocolHandler ["http-nio-8080"]
2024-09-21 00:10:36,060 INFO o.s.b.w.e.t.TomcatWebServer [main] Tomcat started on port(s): 8080 (http) with context path ''
2024-09-21 00:10:36,080 INFO o.s.b.StartupInfoLogger [main] Started SpringBootDemoApplication in 4.152 seconds (JVM running for 5.227)
